Determining if the Q_WS_WIN exist failed with the following output:
Change Dir: /home/crivac/DRIVE/4_UNI_N7/1_ROBOTICA/_WORK_SM/qtEjemplo3/ejemplo3/CMakeFiles/CMakeTmp

Run Build Command:"/usr/bin/make" "cmTC_9bda7/fast"
/usr/bin/make -f CMakeFiles/cmTC_9bda7.dir/build.make CMakeFiles/cmTC_9bda7.dir/build
make[1]: se entra en el directorio '/home/crivac/DRIVE/4_UNI_N7/1_ROBOTICA/_WORK_SM/qtEjemplo3/ejemplo3/CMakeFiles/CMakeTmp'
Building CXX object CMakeFiles/cmTC_9bda7.dir/CheckSymbolExists.cxx.o
/usr/bin/c++    -I/usr/include/qt4   -o CMakeFiles/cmTC_9bda7.dir/CheckSymbolExists.cxx.o -c /home/crivac/DRIVE/4_UNI_N7/1_ROBOTICA/_WORK_SM/qtEjemplo3/ejemplo3/CMakeFiles/CMakeTmp/CheckSymbolExists.cxx
/home/crivac/DRIVE/4_UNI_N7/1_ROBOTICA/_WORK_SM/qtEjemplo3/ejemplo3/CMakeFiles/CMakeTmp/CheckSymbolExists.cxx: In function ‘int main(int, char**)’:
/home/crivac/DRIVE/4_UNI_N7/1_ROBOTICA/_WORK_SM/qtEjemplo3/ejemplo3/CMakeFiles/CMakeTmp/CheckSymbolExists.cxx:8:19: error: ‘Q_WS_WIN’ was not declared in this scope
   return ((int*)(&Q_WS_WIN))[argc];
                   ^
CMakeFiles/cmTC_9bda7.dir/build.make:65: fallo en las instrucciones para el objetivo 'CMakeFiles/cmTC_9bda7.dir/CheckSymbolExists.cxx.o'
make[1]: *** [CMakeFiles/cmTC_9bda7.dir/CheckSymbolExists.cxx.o] Error 1
make[1]: se sale del directorio '/home/crivac/DRIVE/4_UNI_N7/1_ROBOTICA/_WORK_SM/qtEjemplo3/ejemplo3/CMakeFiles/CMakeTmp'
Makefile:126: fallo en las instrucciones para el objetivo 'cmTC_9bda7/fast'
make: *** [cmTC_9bda7/fast] Error 2

File /home/crivac/DRIVE/4_UNI_N7/1_ROBOTICA/_WORK_SM/qtEjemplo3/ejemplo3/CMakeFiles/CMakeTmp/CheckSymbolExists.cxx:
/* */
#include <QtCore/qglobal.h>

int main(int argc, char** argv)
{
  (void)argv;
#ifndef Q_WS_WIN
  return ((int*)(&Q_WS_WIN))[argc];
#else
  (void)argc;
  return 0;
#endif
}

Determining if the Q_WS_QWS exist failed with the following output:
Change Dir: /home/crivac/DRIVE/4_UNI_N7/1_ROBOTICA/_WORK_SM/qtEjemplo3/ejemplo3/CMakeFiles/CMakeTmp

Run Build Command:"/usr/bin/make" "cmTC_dea5f/fast"
/usr/bin/make -f CMakeFiles/cmTC_dea5f.dir/build.make CMakeFiles/cmTC_dea5f.dir/build
make[1]: se entra en el directorio '/home/crivac/DRIVE/4_UNI_N7/1_ROBOTICA/_WORK_SM/qtEjemplo3/ejemplo3/CMakeFiles/CMakeTmp'
Building CXX object CMakeFiles/cmTC_dea5f.dir/CheckSymbolExists.cxx.o
/usr/bin/c++    -I/usr/include/qt4   -o CMakeFiles/cmTC_dea5f.dir/CheckSymbolExists.cxx.o -c /home/crivac/DRIVE/4_UNI_N7/1_ROBOTICA/_WORK_SM/qtEjemplo3/ejemplo3/CMakeFiles/CMakeTmp/CheckSymbolExists.cxx
/home/crivac/DRIVE/4_UNI_N7/1_ROBOTICA/_WORK_SM/qtEjemplo3/ejemplo3/CMakeFiles/CMakeTmp/CheckSymbolExists.cxx: In function ‘int main(int, char**)’:
/home/crivac/DRIVE/4_UNI_N7/1_ROBOTICA/_WORK_SM/qtEjemplo3/ejemplo3/CMakeFiles/CMakeTmp/CheckSymbolExists.cxx:8:19: error: ‘Q_WS_QWS’ was not declared in this scope
   return ((int*)(&Q_WS_QWS))[argc];
                   ^
CMakeFiles/cmTC_dea5f.dir/build.make:65: fallo en las instrucciones para el objetivo 'CMakeFiles/cmTC_dea5f.dir/CheckSymbolExists.cxx.o'
make[1]: *** [CMakeFiles/cmTC_dea5f.dir/CheckSymbolExists.cxx.o] Error 1
make[1]: se sale del directorio '/home/crivac/DRIVE/4_UNI_N7/1_ROBOTICA/_WORK_SM/qtEjemplo3/ejemplo3/CMakeFiles/CMakeTmp'
Makefile:126: fallo en las instrucciones para el objetivo 'cmTC_dea5f/fast'
make: *** [cmTC_dea5f/fast] Error 2

File /home/crivac/DRIVE/4_UNI_N7/1_ROBOTICA/_WORK_SM/qtEjemplo3/ejemplo3/CMakeFiles/CMakeTmp/CheckSymbolExists.cxx:
/* */
#include <QtCore/qglobal.h>

int main(int argc, char** argv)
{
  (void)argv;
#ifndef Q_WS_QWS
  return ((int*)(&Q_WS_QWS))[argc];
#else
  (void)argc;
  return 0;
#endif
}

Determining if the Q_WS_MAC exist failed with the following output:
Change Dir: /home/crivac/DRIVE/4_UNI_N7/1_ROBOTICA/_WORK_SM/qtEjemplo3/ejemplo3/CMakeFiles/CMakeTmp

Run Build Command:"/usr/bin/make" "cmTC_1cc3c/fast"
/usr/bin/make -f CMakeFiles/cmTC_1cc3c.dir/build.make CMakeFiles/cmTC_1cc3c.dir/build
make[1]: se entra en el directorio '/home/crivac/DRIVE/4_UNI_N7/1_ROBOTICA/_WORK_SM/qtEjemplo3/ejemplo3/CMakeFiles/CMakeTmp'
Building CXX object CMakeFiles/cmTC_1cc3c.dir/CheckSymbolExists.cxx.o
/usr/bin/c++    -I/usr/include/qt4   -o CMakeFiles/cmTC_1cc3c.dir/CheckSymbolExists.cxx.o -c /home/crivac/DRIVE/4_UNI_N7/1_ROBOTICA/_WORK_SM/qtEjemplo3/ejemplo3/CMakeFiles/CMakeTmp/CheckSymbolExists.cxx
/home/crivac/DRIVE/4_UNI_N7/1_ROBOTICA/_WORK_SM/qtEjemplo3/ejemplo3/CMakeFiles/CMakeTmp/CheckSymbolExists.cxx: In function ‘int main(int, char**)’:
/home/crivac/DRIVE/4_UNI_N7/1_ROBOTICA/_WORK_SM/qtEjemplo3/ejemplo3/CMakeFiles/CMakeTmp/CheckSymbolExists.cxx:8:19: error: ‘Q_WS_MAC’ was not declared in this scope
   return ((int*)(&Q_WS_MAC))[argc];
                   ^
CMakeFiles/cmTC_1cc3c.dir/build.make:65: fallo en las instrucciones para el objetivo 'CMakeFiles/cmTC_1cc3c.dir/CheckSymbolExists.cxx.o'
make[1]: *** [CMakeFiles/cmTC_1cc3c.dir/CheckSymbolExists.cxx.o] Error 1
make[1]: se sale del directorio '/home/crivac/DRIVE/4_UNI_N7/1_ROBOTICA/_WORK_SM/qtEjemplo3/ejemplo3/CMakeFiles/CMakeTmp'
Makefile:126: fallo en las instrucciones para el objetivo 'cmTC_1cc3c/fast'
make: *** [cmTC_1cc3c/fast] Error 2

File /home/crivac/DRIVE/4_UNI_N7/1_ROBOTICA/_WORK_SM/qtEjemplo3/ejemplo3/CMakeFiles/CMakeTmp/CheckSymbolExists.cxx:
/* */
#include <QtCore/qglobal.h>

int main(int argc, char** argv)
{
  (void)argv;
#ifndef Q_WS_MAC
  return ((int*)(&Q_WS_MAC))[argc];
#else
  (void)argc;
  return 0;
#endif
}

Determining if the Q_WS_WIN exist failed with the following output:
Change Dir: /home/crivac/DRIVE/4_UNI_N7/1_ROBOTICA/_WORK/qtEjemplo3/ejemplo3/CMakeFiles/CMakeTmp

Run Build Command:"/usr/bin/make" "cmTC_7e747/fast"
/usr/bin/make -f CMakeFiles/cmTC_7e747.dir/build.make CMakeFiles/cmTC_7e747.dir/build
make[1]: se entra en el directorio '/home/crivac/DRIVE/4_UNI_N7/1_ROBOTICA/_WORK/qtEjemplo3/ejemplo3/CMakeFiles/CMakeTmp'
Building CXX object CMakeFiles/cmTC_7e747.dir/CheckSymbolExists.cxx.o
/usr/bin/c++    -I/usr/include/qt4   -o CMakeFiles/cmTC_7e747.dir/CheckSymbolExists.cxx.o -c /home/crivac/DRIVE/4_UNI_N7/1_ROBOTICA/_WORK/qtEjemplo3/ejemplo3/CMakeFiles/CMakeTmp/CheckSymbolExists.cxx
/home/crivac/DRIVE/4_UNI_N7/1_ROBOTICA/_WORK/qtEjemplo3/ejemplo3/CMakeFiles/CMakeTmp/CheckSymbolExists.cxx: In function ‘int main(int, char**)’:
/home/crivac/DRIVE/4_UNI_N7/1_ROBOTICA/_WORK/qtEjemplo3/ejemplo3/CMakeFiles/CMakeTmp/CheckSymbolExists.cxx:8:19: error: ‘Q_WS_WIN’ was not declared in this scope
   return ((int*)(&Q_WS_WIN))[argc];
                   ^
CMakeFiles/cmTC_7e747.dir/build.make:65: fallo en las instrucciones para el objetivo 'CMakeFiles/cmTC_7e747.dir/CheckSymbolExists.cxx.o'
make[1]: *** [CMakeFiles/cmTC_7e747.dir/CheckSymbolExists.cxx.o] Error 1
make[1]: se sale del directorio '/home/crivac/DRIVE/4_UNI_N7/1_ROBOTICA/_WORK/qtEjemplo3/ejemplo3/CMakeFiles/CMakeTmp'
Makefile:126: fallo en las instrucciones para el objetivo 'cmTC_7e747/fast'
make: *** [cmTC_7e747/fast] Error 2

File /home/crivac/DRIVE/4_UNI_N7/1_ROBOTICA/_WORK/qtEjemplo3/ejemplo3/CMakeFiles/CMakeTmp/CheckSymbolExists.cxx:
/* */
#include <QtCore/qglobal.h>

int main(int argc, char** argv)
{
  (void)argv;
#ifndef Q_WS_WIN
  return ((int*)(&Q_WS_WIN))[argc];
#else
  (void)argc;
  return 0;
#endif
}

Determining if the Q_WS_QWS exist failed with the following output:
Change Dir: /home/crivac/DRIVE/4_UNI_N7/1_ROBOTICA/_WORK/qtEjemplo3/ejemplo3/CMakeFiles/CMakeTmp

Run Build Command:"/usr/bin/make" "cmTC_62be4/fast"
/usr/bin/make -f CMakeFiles/cmTC_62be4.dir/build.make CMakeFiles/cmTC_62be4.dir/build
make[1]: se entra en el directorio '/home/crivac/DRIVE/4_UNI_N7/1_ROBOTICA/_WORK/qtEjemplo3/ejemplo3/CMakeFiles/CMakeTmp'
Building CXX object CMakeFiles/cmTC_62be4.dir/CheckSymbolExists.cxx.o
/usr/bin/c++    -I/usr/include/qt4   -o CMakeFiles/cmTC_62be4.dir/CheckSymbolExists.cxx.o -c /home/crivac/DRIVE/4_UNI_N7/1_ROBOTICA/_WORK/qtEjemplo3/ejemplo3/CMakeFiles/CMakeTmp/CheckSymbolExists.cxx
/home/crivac/DRIVE/4_UNI_N7/1_ROBOTICA/_WORK/qtEjemplo3/ejemplo3/CMakeFiles/CMakeTmp/CheckSymbolExists.cxx: In function ‘int main(int, char**)’:
/home/crivac/DRIVE/4_UNI_N7/1_ROBOTICA/_WORK/qtEjemplo3/ejemplo3/CMakeFiles/CMakeTmp/CheckSymbolExists.cxx:8:19: error: ‘Q_WS_QWS’ was not declared in this scope
   return ((int*)(&Q_WS_QWS))[argc];
                   ^
CMakeFiles/cmTC_62be4.dir/build.make:65: fallo en las instrucciones para el objetivo 'CMakeFiles/cmTC_62be4.dir/CheckSymbolExists.cxx.o'
make[1]: *** [CMakeFiles/cmTC_62be4.dir/CheckSymbolExists.cxx.o] Error 1
make[1]: se sale del directorio '/home/crivac/DRIVE/4_UNI_N7/1_ROBOTICA/_WORK/qtEjemplo3/ejemplo3/CMakeFiles/CMakeTmp'
Makefile:126: fallo en las instrucciones para el objetivo 'cmTC_62be4/fast'
make: *** [cmTC_62be4/fast] Error 2

File /home/crivac/DRIVE/4_UNI_N7/1_ROBOTICA/_WORK/qtEjemplo3/ejemplo3/CMakeFiles/CMakeTmp/CheckSymbolExists.cxx:
/* */
#include <QtCore/qglobal.h>

int main(int argc, char** argv)
{
  (void)argv;
#ifndef Q_WS_QWS
  return ((int*)(&Q_WS_QWS))[argc];
#else
  (void)argc;
  return 0;
#endif
}

Determining if the Q_WS_MAC exist failed with the following output:
Change Dir: /home/crivac/DRIVE/4_UNI_N7/1_ROBOTICA/_WORK/qtEjemplo3/ejemplo3/CMakeFiles/CMakeTmp

Run Build Command:"/usr/bin/make" "cmTC_1c9fc/fast"
/usr/bin/make -f CMakeFiles/cmTC_1c9fc.dir/build.make CMakeFiles/cmTC_1c9fc.dir/build
make[1]: se entra en el directorio '/home/crivac/DRIVE/4_UNI_N7/1_ROBOTICA/_WORK/qtEjemplo3/ejemplo3/CMakeFiles/CMakeTmp'
Building CXX object CMakeFiles/cmTC_1c9fc.dir/CheckSymbolExists.cxx.o
/usr/bin/c++    -I/usr/include/qt4   -o CMakeFiles/cmTC_1c9fc.dir/CheckSymbolExists.cxx.o -c /home/crivac/DRIVE/4_UNI_N7/1_ROBOTICA/_WORK/qtEjemplo3/ejemplo3/CMakeFiles/CMakeTmp/CheckSymbolExists.cxx
/home/crivac/DRIVE/4_UNI_N7/1_ROBOTICA/_WORK/qtEjemplo3/ejemplo3/CMakeFiles/CMakeTmp/CheckSymbolExists.cxx: In function ‘int main(int, char**)’:
/home/crivac/DRIVE/4_UNI_N7/1_ROBOTICA/_WORK/qtEjemplo3/ejemplo3/CMakeFiles/CMakeTmp/CheckSymbolExists.cxx:8:19: error: ‘Q_WS_MAC’ was not declared in this scope
   return ((int*)(&Q_WS_MAC))[argc];
                   ^
CMakeFiles/cmTC_1c9fc.dir/build.make:65: fallo en las instrucciones para el objetivo 'CMakeFiles/cmTC_1c9fc.dir/CheckSymbolExists.cxx.o'
make[1]: *** [CMakeFiles/cmTC_1c9fc.dir/CheckSymbolExists.cxx.o] Error 1
make[1]: se sale del directorio '/home/crivac/DRIVE/4_UNI_N7/1_ROBOTICA/_WORK/qtEjemplo3/ejemplo3/CMakeFiles/CMakeTmp'
Makefile:126: fallo en las instrucciones para el objetivo 'cmTC_1c9fc/fast'
make: *** [cmTC_1c9fc/fast] Error 2

File /home/crivac/DRIVE/4_UNI_N7/1_ROBOTICA/_WORK/qtEjemplo3/ejemplo3/CMakeFiles/CMakeTmp/CheckSymbolExists.cxx:
/* */
#include <QtCore/qglobal.h>

int main(int argc, char** argv)
{
  (void)argv;
#ifndef Q_WS_MAC
  return ((int*)(&Q_WS_MAC))[argc];
#else
  (void)argc;
  return 0;
#endif
}

